{
  "RSpec": {
    "coverage": {
      "/Users/Keegan/turing/4module/bloomtrek_scraper/app/controllers/api/v1/scrapers_controller.rb": [
        1,
        1,
        null,
        1,
        1,
        1,
        1,
        null,
        1,
        null,
        null,
        1,
        null,
        1,
        1,
        null,
        null
      ],
      "/Users/Keegan/turing/4module/bloomtrek_scraper/app/controllers/application_controller.rb": [
        1,
        null
      ],
      "/Users/Keegan/turing/4module/bloomtrek_scraper/app/models/web_scraper.rb": [
        1,
        1,
        null,
        1,
        1,
        1,
        1,
        null,
        null,
        1,
        1,
        40,
        40,
        40,
        40,
        40,
        40,
        6094,
        6094,
        6094,
        6094,
        6094,
        6094,
        6094,
        null,
        null,
        null,
        null,
        null,
        1,
        null,
        1,
        null,
        40,
        1,
        null,
        null,
        1,
        1,
        null,
        null
      ],
      "/Users/Keegan/turing/4module/bloomtrek_scraper/app/models/flower_validator.rb": [
        1,
        1,
        1,
        1,
        null,
        null,
        null,
        null,
        null,
        null,
        null,
        null,
        null,
        null,
        null,
        null,
        null,
        null,
        null,
        1,
        38,
        null,
        null,
        1,
        1,
        22,
        154,
        19,
        19,
        19,
        135,
        3,
        6,
        null,
        null,
        132,
        null,
        154,
        null,
        null,
        null,
        null
      ],
      "/Users/Keegan/turing/4module/bloomtrek_scraper/app/models/application_record.rb": [
        0,
        0,
        0
      ]
    },
    "timestamp": 1540934944
  }
}
